Streaming transaction logs mentioning 9VdKGKXs5ZJd6Cr9GtJcPP8fdUSmRgvkYScvhi1oPkFc. Confirmed commitment
Transaction executed in slot 8:
  Signature: 2od1rEgJDU1td8HVLFgr3stLDkLnVybxatXYXqsUd2L6VuPAA9B1gMpmy9b3HfMrdrbtqWnLpu3ZW34X1WbiFM5G
  Status: Ok
  Log Messages:
    Program 9VdKGKXs5ZJd6Cr9GtJcPP8fdUSmRgvkYScvhi1oPkFc invoke [1]
    Program log: Instruction: MakeOffer
    Program 11111111111111111111111111111111 invoke [2]
    Program 11111111111111111111111111111111 success
    Program ATokenGPvbdGVxr1b2hvZbsiqW5xWH25efTNsLJA8knL invoke [2]
    Program log: Create
    Program TokenkegQfeZyiNwAJbNbGKPFXCWuBvf9Ss623VQ5DA invoke [3]
    Program log: Instruction: GetAccountDataSize
    Program TokenkegQfeZyiNwAJbNbGKPFXCWuBvf9Ss623VQ5DA consumed 1595 of 176926 compute units
    Program return: TokenkegQfeZyiNwAJbNbGKPFXCWuBvf9Ss623VQ5DA pQAAAAAAAAA=
    Program TokenkegQfeZyiNwAJbNbGKPFXCWuBvf9Ss623VQ5DA success
    Program 11111111111111111111111111111111 invoke [3]
    Program 11111111111111111111111111111111 success
    Program log: Initialize the associated token account
    Program TokenkegQfeZyiNwAJbNbGKPFXCWuBvf9Ss623VQ5DA invoke [3]
    Program log: Instruction: InitializeImmutableOwner
    Program log: Please upgrade to SPL Token 2022 for immutable owner support
    Program TokenkegQfeZyiNwAJbNbGKPFXCWuBvf9Ss623VQ5DA consumed 1405 of 170313 compute units
    Program TokenkegQfeZyiNwAJbNbGKPFXCWuBvf9Ss623VQ5DA success
    Program TokenkegQfeZyiNwAJbNbGKPFXCWuBvf9Ss623VQ5DA invoke [3]
    Program log: Instruction: InitializeAccount3
    Program TokenkegQfeZyiNwAJbNbGKPFXCWuBvf9Ss623VQ5DA consumed 4214 of 166429 compute units
    Program TokenkegQfeZyiNwAJbNbGKPFXCWuBvf9Ss623VQ5DA success
    Program ATokenGPvbdGVxr1b2hvZbsiqW5xWH25efTNsLJA8knL consumed 21990 of 183901 compute units
    Program ATokenGPvbdGVxr1b2hvZbsiqW5xWH25efTNsLJA8knL success
    Program TokenkegQfeZyiNwAJbNbGKPFXCWuBvf9Ss623VQ5DA invoke [2]
    Program log: Instruction: TransferChecked
    Program TokenkegQfeZyiNwAJbNbGKPFXCWuBvf9Ss623VQ5DA consumed 6174 of 145787 compute units
    Program TokenkegQfeZyiNwAJbNbGKPFXCWuBvf9Ss623VQ5DA success
    Program 9VdKGKXs5ZJd6Cr9GtJcPP8fdUSmRgvkYScvhi1oPkFc consumed 61341 of 200000 compute units
    Program 9VdKGKXs5ZJd6Cr9GtJcPP8fdUSmRgvkYScvhi1oPkFc success
Transaction executed in slot 12:
  Signature: D9YxidWzeF9nGXpBpazF2oLUWrjZt4M23ZqH4vPzMCbr6LSnHCNEQEa5JheX1iBETYdHuFFaVBWRz1r6tgN5dLR
  Status: Ok
  Log Messages:
    Program 9VdKGKXs5ZJd6Cr9GtJcPP8fdUSmRgvkYScvhi1oPkFc invoke [1]
    Program log: Instruction: TakeOffer
    Program ATokenGPvbdGVxr1b2hvZbsiqW5xWH25efTNsLJA8knL invoke [2]
    Program log: Create
    Program TokenkegQfeZyiNwAJbNbGKPFXCWuBvf9Ss623VQ5DA invoke [3]
    Program log: Instruction: GetAccountDataSize
    Program TokenkegQfeZyiNwAJbNbGKPFXCWuBvf9Ss623VQ5DA consumed 1595 of 181120 compute units
    Program return: TokenkegQfeZyiNwAJbNbGKPFXCWuBvf9Ss623VQ5DA pQAAAAAAAAA=
    Program TokenkegQfeZyiNwAJbNbGKPFXCWuBvf9Ss623VQ5DA success
    Program 11111111111111111111111111111111 invoke [3]
    Program 11111111111111111111111111111111 success
    Program log: Initialize the associated token account
    Program TokenkegQfeZyiNwAJbNbGKPFXCWuBvf9Ss623VQ5DA invoke [3]
    Program log: Instruction: InitializeImmutableOwner
    Program log: Please upgrade to SPL Token 2022 for immutable owner support
    Program TokenkegQfeZyiNwAJbNbGKPFXCWuBvf9Ss623VQ5DA consumed 1405 of 174507 compute units
    Program TokenkegQfeZyiNwAJbNbGKPFXCWuBvf9Ss623VQ5DA success
    Program TokenkegQfeZyiNwAJbNbGKPFXCWuBvf9Ss623VQ5DA invoke [3]
    Program log: Instruction: InitializeAccount3
    Program TokenkegQfeZyiNwAJbNbGKPFXCWuBvf9Ss623VQ5DA consumed 4214 of 170625 compute units
    Program TokenkegQfeZyiNwAJbNbGKPFXCWuBvf9Ss623VQ5DA success
    Program ATokenGPvbdGVxr1b2hvZbsiqW5xWH25efTNsLJA8knL consumed 21889 of 188017 compute units
    Program ATokenGPvbdGVxr1b2hvZbsiqW5xWH25efTNsLJA8knL success
    Program ATokenGPvbdGVxr1b2hvZbsiqW5xWH25efTNsLJA8knL invoke [2]
    Program log: Create
    Program TokenkegQfeZyiNwAJbNbGKPFXCWuBvf9Ss623VQ5DA invoke [3]
    Program log: Instruction: GetAccountDataSize
    Program TokenkegQfeZyiNwAJbNbGKPFXCWuBvf9Ss623VQ5DA consumed 1595 of 148144 compute units
    Program return: TokenkegQfeZyiNwAJbNbGKPFXCWuBvf9Ss623VQ5DA pQAAAAAAAAA=
    Program TokenkegQfeZyiNwAJbNbGKPFXCWuBvf9Ss623VQ5DA success
    Program 11111111111111111111111111111111 invoke [3]
    Program 11111111111111111111111111111111 success
    Program log: Initialize the associated token account
    Program TokenkegQfeZyiNwAJbNbGKPFXCWuBvf9Ss623VQ5DA invoke [3]
    Program log: Instruction: InitializeImmutableOwner
    Program log: Please upgrade to SPL Token 2022 for immutable owner support
    Program TokenkegQfeZyiNwAJbNbGKPFXCWuBvf9Ss623VQ5DA consumed 1405 of 141531 compute units
    Program TokenkegQfeZyiNwAJbNbGKPFXCWuBvf9Ss623VQ5DA success
    Program TokenkegQfeZyiNwAJbNbGKPFXCWuBvf9Ss623VQ5DA invoke [3]
    Program log: Instruction: InitializeAccount3
    Program TokenkegQfeZyiNwAJbNbGKPFXCWuBvf9Ss623VQ5DA consumed 4214 of 137647 compute units
    Program TokenkegQfeZyiNwAJbNbGKPFXCWuBvf9Ss623VQ5DA success
    Program ATokenGPvbdGVxr1b2hvZbsiqW5xWH25efTNsLJA8knL consumed 21990 of 155119 compute units
    Program ATokenGPvbdGVxr1b2hvZbsiqW5xWH25efTNsLJA8knL success
    Program TokenkegQfeZyiNwAJbNbGKPFXCWuBvf9Ss623VQ5DA invoke [2]
    Program log: Instruction: TransferChecked
    Program TokenkegQfeZyiNwAJbNbGKPFXCWuBvf9Ss623VQ5DA consumed 6174 of 119269 compute units
    Program TokenkegQfeZyiNwAJbNbGKPFXCWuBvf9Ss623VQ5DA success
    Program TokenkegQfeZyiNwAJbNbGKPFXCWuBvf9Ss623VQ5DA invoke [2]
    Program log: Instruction: TransferChecked
    Program TokenkegQfeZyiNwAJbNbGKPFXCWuBvf9Ss623VQ5DA consumed 6174 of 110487 compute units
    Program TokenkegQfeZyiNwAJbNbGKPFXCWuBvf9Ss623VQ5DA success
    Program TokenkegQfeZyiNwAJbNbGKPFXCWuBvf9Ss623VQ5DA invoke [2]
    Program log: Instruction: CloseAccount
    Program TokenkegQfeZyiNwAJbNbGKPFXCWuBvf9Ss623VQ5DA consumed 3015 of 102051 compute units
    Program TokenkegQfeZyiNwAJbNbGKPFXCWuBvf9Ss623VQ5DA success
    Program 9VdKGKXs5ZJd6Cr9GtJcPP8fdUSmRgvkYScvhi1oPkFc consumed 101795 of 200000 compute units
    Program 9VdKGKXs5ZJd6Cr9GtJcPP8fdUSmRgvkYScvhi1oPkFc success
Transaction executed in slot 34:
  Signature: 29nK81daxZoNCCcBcp48wcEz3jkYDaM3zcPLj7tT4rwdfk42QXgRHUrEn43c8n6BMEwiJXCic98wXoFD8AwioTU3
  Status: Ok
  Log Messages:
    Program 9VdKGKXs5ZJd6Cr9GtJcPP8fdUSmRgvkYScvhi1oPkFc invoke [1]
    Program log: Instruction: MakeOffer
    Program 11111111111111111111111111111111 invoke [2]
    Program 11111111111111111111111111111111 success
    Program ATokenGPvbdGVxr1b2hvZbsiqW5xWH25efTNsLJA8knL invoke [2]
    Program log: Create
    Program TokenkegQfeZyiNwAJbNbGKPFXCWuBvf9Ss623VQ5DA invoke [3]
    Program log: Instruction: GetAccountDataSize
    Program TokenkegQfeZyiNwAJbNbGKPFXCWuBvf9Ss623VQ5DA consumed 1595 of 176926 compute units
    Program return: TokenkegQfeZyiNwAJbNbGKPFXCWuBvf9Ss623VQ5DA pQAAAAAAAAA=
    Program TokenkegQfeZyiNwAJbNbGKPFXCWuBvf9Ss623VQ5DA success
    Program 11111111111111111111111111111111 invoke [3]
    Program 11111111111111111111111111111111 success
    Program log: Initialize the associated token account
    Program TokenkegQfeZyiNwAJbNbGKPFXCWuBvf9Ss623VQ5DA invoke [3]
    Program log: Instruction: InitializeImmutableOwner
    Program log: Please upgrade to SPL Token 2022 for immutable owner support
    Program TokenkegQfeZyiNwAJbNbGKPFXCWuBvf9Ss623VQ5DA consumed 1405 of 170313 compute units
    Program TokenkegQfeZyiNwAJbNbGKPFXCWuBvf9Ss623VQ5DA success
    Program TokenkegQfeZyiNwAJbNbGKPFXCWuBvf9Ss623VQ5DA invoke [3]
    Program log: Instruction: InitializeAccount3
    Program TokenkegQfeZyiNwAJbNbGKPFXCWuBvf9Ss623VQ5DA consumed 4214 of 166429 compute units
    Program TokenkegQfeZyiNwAJbNbGKPFXCWuBvf9Ss623VQ5DA success
    Program ATokenGPvbdGVxr1b2hvZbsiqW5xWH25efTNsLJA8knL consumed 20490 of 182401 compute units
    Program ATokenGPvbdGVxr1b2hvZbsiqW5xWH25efTNsLJA8knL success
    Program TokenkegQfeZyiNwAJbNbGKPFXCWuBvf9Ss623VQ5DA invoke [2]
    Program log: Instruction: TransferChecked
    Program TokenkegQfeZyiNwAJbNbGKPFXCWuBvf9Ss623VQ5DA consumed 6174 of 145787 compute units
    Program TokenkegQfeZyiNwAJbNbGKPFXCWuBvf9Ss623VQ5DA success
    Program 9VdKGKXs5ZJd6Cr9GtJcPP8fdUSmRgvkYScvhi1oPkFc consumed 61341 of 200000 compute units
    Program 9VdKGKXs5ZJd6Cr9GtJcPP8fdUSmRgvkYScvhi1oPkFc success
